<?xml version="1.0" encoding="UTF-8"?>
<!-- Generated by org.testng.reporters.JUnitReportReporter -->
<testsuite hostname="Shimu_Z" failures="0" tests="5" name="restAssuredproj.AuthorizationTest" time="18.786" errors="0" timestamp="2024-01-15T14:06:56 IST" skipped="0">
  <testcase classname="restAssuredproj.AuthorizationTest" name="toSetbasicAuthrization" time="4.432"/>
  <system-out/>
  <testcase classname="restAssuredproj.AuthorizationTest" name="toSetDigestAuthrization" time="9.230"/>
  <system-out/>
  <testcase classname="restAssuredproj.AuthorizationTest" name="toSetPreepmtiiveAuthrization" time="3.800"/>
  <system-out/>
  <testcase classname="restAssuredproj.AuthorizationTest" name="toSetBearerTokenAuthrization" time="0.674"/>
  <system-out/>
  <testcase classname="restAssuredproj.AuthorizationTest" name="toSetOuth2Authrization" time="0.650"/>
  <system-out/>
</testsuite> <!-- restAssuredproj.AuthorizationTest -->
