<?xml version="1.0" encoding="UTF-8"?>
<!-- Generated by org.testng.reporters.JUnitReportReporter -->
<testsuite hostname="Shimu_Z" failures="0" tests="1" name="restAssuredAssignmentproj.GetUserListTest" time="2.268" errors="0" timestamp="2024-01-24T11:15:15 IST" skipped="0">
  <testcase classname="restAssuredAssignmentproj.GetUserListTest" name="TogetUserList" time="2.268"/>
  <system-out/>
</testsuite> <!-- restAssuredAssignmentproj.GetUserListTest -->
