<?xml version="1.0" encoding="UTF-8"?>
<!-- Generated by org.testng.reporters.JUnitReportReporter -->
<testsuite hostname="Shimu_Z" failures="0" tests="1" name="restAssuredAssignmentproj.DeleteUserTest" time="1.664" errors="0" timestamp="2024-01-21T21:24:17 IST" skipped="0">
  <testcase classname="restAssuredAssignmentproj.DeleteUserTest" name="toDeleteUser" time="1.664"/>
  <system-out/>
</testsuite> <!-- restAssuredAssignmentproj.DeleteUserTest -->
