<?xml version="1.0" encoding="UTF-8"?>
<!-- Generated by org.testng.reporters.JUnitReportReporter -->
<testsuite hostname="Shimu_Z" failures="0" tests="1" name="restAssuredAssignmentproj.Outh2AuthTest" time="1.927" errors="0" timestamp="2024-01-21T21:35:47 IST" skipped="0">
  <testcase classname="restAssuredAssignmentproj.Outh2AuthTest" name="toSetOuth2" time="1.927"/>
  <system-out/>
</testsuite> <!-- restAssuredAssignmentproj.Outh2AuthTest -->
