<?xml version="1.0" encoding="UTF-8"?>
<!-- Generated by org.testng.reporters.JUnitReportReporter -->
<testsuite hostname="Shimu_Z" failures="0" tests="3" name="restAssuredproj.Req_01GetTest" time="2.559" errors="0" timestamp="2024-01-12T16:08:57 IST" skipped="2">
  <testcase classname="restAssuredproj.Req_01GetTest" name="toGetReqforListMethods" time="2.559"/>
  <system-out/>
  <testcase classname="restAssuredproj.Req_01GetTest" name="toGetReqforList">
    <skipped/>
  </testcase> <!-- toGetReqforList -->
  <system-out/>
  <testcase classname="restAssuredproj.Req_01GetTest" name="toGetReq">
    <skipped/>
  </testcase> <!-- toGetReq -->
  <system-out/>
</testsuite> <!-- restAssuredproj.Req_01GetTest -->
