<?xml version="1.0" encoding="UTF-8"?>
<!-- Generated by org.testng.reporters.JUnitReportReporter -->
<testsuite hostname="Shimu_Z" failures="0" tests="1" name="restAssuredproj.PathQueryParmaeterTest" time="1.691" errors="0" timestamp="2024-02-19T17:28:45 IST" skipped="0">
  <testcase classname="restAssuredproj.PathQueryParmaeterTest" name="testParams" time="1.691"/>
  <system-out/>
</testsuite> <!-- restAssuredproj.PathQueryParmaeterTest -->
