<?xml version="1.0" encoding="UTF-8"?>
<!-- Generated by org.testng.reporters.JUnitReportReporter -->
<testsuite hostname="Shimu_Z" failures="0" tests="3" name="restAssuredproj.header_cookies_Test" time="2.667" errors="0" timestamp="2024-01-12T17:52:29 IST" skipped="0">
  <testcase classname="restAssuredproj.header_cookies_Test" name="toGetHeader" time="1.897"/>
  <system-out/>
  <testcase classname="restAssuredproj.header_cookies_Test" name="tocheckHeader" time="0.330"/>
  <system-out/>
  <testcase classname="restAssuredproj.header_cookies_Test" name="toGetCookies" time="0.440"/>
  <system-out/>
</testsuite> <!-- restAssuredproj.header_cookies_Test -->
