<?xml version="1.0" encoding="UTF-8"?>
<!-- Generated by org.testng.reporters.JUnitReportReporter -->
<testsuite hostname="Shimu_Z" failures="0" tests="2" name="restAssuredproj.Req_02PostTest" time="3.552" errors="0" timestamp="2024-01-12T16:34:47 IST" skipped="0">
  <testcase classname="restAssuredproj.Req_02PostTest" name="toPostReqHashMap" time="2.689"/>
  <system-out/>
  <testcase classname="restAssuredproj.Req_02PostTest" name="toPostReqPojo" time="0.863"/>
  <system-out/>
</testsuite> <!-- restAssuredproj.Req_02PostTest -->
