<?xml version="1.0" encoding="UTF-8"?>
<!-- Generated by org.testng.reporters.JUnitReportReporter -->
<testsuite hostname="Shimu_Z" failures="0" tests="3" name="restAssuredproj.Req_03_Put_DeleteTest" time="3.448" errors="0" timestamp="2024-01-12T16:51:05 IST" skipped="0">
  <testcase classname="restAssuredproj.Req_03_Put_DeleteTest" name="toPutReq" time="2.631"/>
  <system-out/>
  <testcase classname="restAssuredproj.Req_03_Put_DeleteTest" name="toPatchReq" time="0.411"/>
  <system-out/>
  <testcase classname="restAssuredproj.Req_03_Put_DeleteTest" name="toDeleteReq" time="0.406"/>
  <system-out/>
</testsuite> <!-- restAssuredproj.Req_03_Put_DeleteTest -->
