<?xml version="1.0" encoding="UTF-8"?>
<!-- Generated by org.testng.reporters.JUnitReportReporter -->
<testsuite hostname="Shimu_Z" failures="0" tests="2" name="restAssuredproj.Searilization_deserialization_Test" time="0.270" errors="0" timestamp="2024-01-12T18:10:19 IST" skipped="0">
  <testcase classname="restAssuredproj.Searilization_deserialization_Test" name="searilizationTest" time="0.246"/>
  <system-out/>
  <testcase classname="restAssuredproj.Searilization_deserialization_Test" name="desearilizationTest" time="0.024"/>
  <system-out/>
</testsuite> <!-- restAssuredproj.Searilization_deserialization_Test -->
