<?xml version="1.0" encoding="UTF-8"?>
<!-- Generated by org.testng.reporters.JUnitReportReporter -->
<testsuite hostname="Shimu_Z" failures="0" tests="4" name="restAssuredproj.Post_get_put_deleteTest" time="4.718" errors="0" timestamp="2024-01-12T17:26:10 IST" skipped="0">
  <testcase classname="restAssuredproj.Post_get_put_deleteTest" name="createUser" time="2.835"/>
  <system-out/>
  <testcase classname="restAssuredproj.Post_get_put_deleteTest" name="getUser" time="0.655"/>
  <system-out/>
  <testcase classname="restAssuredproj.Post_get_put_deleteTest" name="updateUser" time="0.594"/>
  <system-out/>
  <testcase classname="restAssuredproj.Post_get_put_deleteTest" name="deleteUser" time="0.634"/>
  <system-out/>
</testsuite> <!-- restAssuredproj.Post_get_put_deleteTest -->
