<?xml version="1.0" encoding="UTF-8"?>
<!-- Generated by org.testng.reporters.JUnitReportReporter -->
<testsuite hostname="Shimu_Z" failures="0" tests="2" name="restAssuredAssignmentproj.NewUserPostTest" time="2.535" errors="0" timestamp="2024-01-21T21:26:27 IST" skipped="0">
  <testcase classname="restAssuredAssignmentproj.NewUserPostTest" name="toAddNewUserHashMap" time="2.082"/>
  <system-out/>
  <testcase classname="restAssuredAssignmentproj.NewUserPostTest" name="toAddNewUserPojo" time="0.453"/>
  <system-out/>
</testsuite> <!-- restAssuredAssignmentproj.NewUserPostTest -->
